# vsim -c -voptargs=""+acc"" top -l vlog.log 
# Start time: 20:48:30 on May 26,2024
# ** Note: (vsim-3812) Design is being optimized...
# 
# Loading sv_std.std
# Loading work.not_virtual_sv_unit(fast)
# Loading work.top(fast)
# The Lion says Roar
# The Lion is 15 years old
# The Chicken says BECAWW
# The Chicken is 1 years old
# ** Fatal: Generic animals don't have a sound.
#    Time: 0 ns  Scope: not_virtual_sv_unit.animal.make_sound File: not_virtual.sv Line: 24
# ** Note: $finish    : not_virtual.sv(24)
#    Time: 0 ns  Iteration: 0  Instance: /top
# 1
# Break in Function not_virtual_sv_unit/animal::make_sound at not_virtual.sv line 24
do run.do
# ** Warning: (vdel-134) Unable to remove locked optimized design "_opt".  Locker is yaoli@DESKTOP-P9091FN.
# 
# ** Warning: (vlib-34) Library already exists at "work".
# 
# QuestaSim-64 vlog 10.4e Compiler 2016.04 Apr  9 2016
# Start time: 21:02:54 on May 26,2024
# vlog -reportprogress 300 -f sv.f 
# -- Compiling package virtual_sv_unit
# -- Compiling module top
# 
# Top level modules:
# 	top
# End time: 21:02:54 on May 26,2024, Elapsed time: 0:00:00
# Errors: 0, Warnings: 0
# End time: 21:02:57 on May 26,2024, Elapsed time: 0:14:27
# Errors: 1, Warnings: 1
# vsim -c -voptargs=""+acc"" top -l vlog.log 
# Start time: 21:02:57 on May 26,2024
# ** Note: (vsim-3813) Design is being optimized due to module recompilation...
# 
# Loading sv_std.std
# Loading work.virtual_sv_unit(fast)
# Loading work.top(fast)
# The Lion says Roar
# The Lion is 15 years old
# The Chicken says BECAWW
# The Chicken is 1 years old
# The Lion says Roar
# The animal is 15 years old
# The Chicken says BECAWW
# The animal is 1 years old
